2020-03-07 14:43:58.414  INFO 62725 --- [restartedMain] vip.gg.community.demo.DemoApplication    : Starting DemoApplication on GgdeMacBook-Air.local with PID 62725 (/Users/ggguang/IdeaProjects/demo/target/classes started by ggguang in /Users/ggguang/IdeaProjects/demo)
2020-03-07 14:43:58.415  INFO 62725 --- [restartedMain] vip.gg.community.demo.DemoApplication    : No active profile set, falling back to default profiles: default
2020-03-07 14:43:59.057  INFO 62725 --- [restartedMain] o.s.b.w.embedded.tomcat.TomcatWebServer  : Tomcat initialized with port(s): 8887 (http)
2020-03-07 14:43:59.058  INFO 62725 --- [restartedMain] o.apache.catalina.core.StandardService   : Starting service [Tomcat]
2020-03-07 14:43:59.059  INFO 62725 --- [restartedMain] org.apache.catalina.core.StandardEngine  : Starting Servlet engine: [Apache Tomcat/9.0.30]
2020-03-07 14:43:59.082  INFO 62725 --- [restartedMain] o.a.c.c.C.[Tomcat].[localhost].[/]       : Initializing Spring embedded WebApplicationContext
2020-03-07 14:43:59.082  INFO 62725 --- [restartedMain] o.s.web.context.ContextLoader            : Root WebApplicationContext: initialization completed in 661 ms
2020-03-07 14:43:59.107  INFO 62725 --- [restartedMain] com.zaxxer.hikari.HikariDataSource       : HikariPool-3 - Starting...
2020-03-07 14:43:59.121  INFO 62725 --- [restartedMain] com.zaxxer.hikari.HikariDataSource       : HikariPool-3 - Start completed.
2020-03-07 14:43:59.121  INFO 62725 --- [restartedMain] o.s.b.a.h2.H2ConsoleAutoConfiguration    : H2 console available at '/h2-console'. Database available at 'jdbc:h2:~/community'
2020-03-07 14:43:59.464  INFO 62725 --- [restartedMain] o.s.s.concurrent.ThreadPoolTaskExecutor  : Initializing ExecutorService 'applicationTaskExecutor'
2020-03-07 14:43:59.496  INFO 62725 --- [restartedMain] o.s.b.a.w.s.WelcomePageHandlerMapping    : Adding welcome page template: index
2020-03-07 14:43:59.669  INFO 62725 --- [restartedMain] o.s.b.d.a.OptionalLiveReloadServer       : LiveReload server is running on port 35729
2020-03-07 14:43:59.710  INFO 62725 --- [restartedMain] o.s.b.w.embedded.tomcat.TomcatWebServer  : Tomcat started on port(s): 8887 (http) with context path ''
2020-03-07 14:43:59.711  INFO 62725 --- [restartedMain] vip.gg.community.demo.DemoApplication    : Started DemoApplication in 1.546 seconds (JVM running for 3001.072)
2020-03-07 14:43:59.713  INFO 62725 --- [restartedMain] .ConditionEvaluationDeltaLoggingListener : Condition evaluation unchanged
2020-03-07 14:44:02.510  INFO 62725 --- [SpringContextShutdownHook] o.s.s.concurrent.ThreadPoolTaskExecutor  : Shutting down ExecutorService 'applicationTaskExecutor'
2020-03-07 14:44:02.512  INFO 62725 --- [SpringContextShutdownHook] com.zaxxer.hikari.HikariDataSource       : HikariPool-3 - Shutdown initiated...
2020-03-07 14:44:02.517  INFO 62725 --- [SpringContextShutdownHook] com.zaxxer.hikari.HikariDataSource       : HikariPool-3 - Shutdown completed.
2020-03-07 14:44:06.546  INFO 62953 --- [restartedMain] vip.gg.community.demo.DemoApplication    : Starting DemoApplication on GgdeMacBook-Air.local with PID 62953 (/Users/ggguang/IdeaProjects/demo/target/classes started by ggguang in /Users/ggguang/IdeaProjects/demo)
2020-03-07 14:44:06.550  INFO 62953 --- [restartedMain] vip.gg.community.demo.DemoApplication    : No active profile set, falling back to default profiles: default
2020-03-07 14:44:06.708  INFO 62953 --- [restartedMain] .e.DevToolsPropertyDefaultsPostProcessor : Devtools property defaults active! Set 'spring.devtools.add-properties' to 'false' to disable
2020-03-07 14:44:06.709  INFO 62953 --- [restartedMain] .e.DevToolsPropertyDefaultsPostProcessor : For additional web related logging consider setting the 'logging.level.web' property to 'DEBUG'
2020-03-07 14:44:06.967  WARN 62953 --- [background-preinit] o.s.h.c.j.Jackson2ObjectMapperBuilder    : For Jackson Kotlin classes support please add "com.fasterxml.jackson.module:jackson-module-kotlin" to the classpath
2020-03-07 14:44:10.864  INFO 62953 --- [restartedMain] o.s.b.w.embedded.tomcat.TomcatWebServer  : Tomcat initialized with port(s): 8887 (http)
2020-03-07 14:44:10.886  INFO 62953 --- [restartedMain] o.apache.catalina.core.StandardService   : Starting service [Tomcat]
2020-03-07 14:44:10.887  INFO 62953 --- [restartedMain] org.apache.catalina.core.StandardEngine  : Starting Servlet engine: [Apache Tomcat/9.0.30]
2020-03-07 14:44:11.097  INFO 62953 --- [restartedMain] o.a.c.c.C.[Tomcat].[localhost].[/]       : Initializing Spring embedded WebApplicationContext
2020-03-07 14:44:11.100  INFO 62953 --- [restartedMain] o.s.web.context.ContextLoader            : Root WebApplicationContext: initialization completed in 4390 ms
2020-03-07 14:44:11.194  INFO 62953 --- [restartedMain] com.zaxxer.hikari.HikariDataSource       : HikariPool-1 - Starting...
2020-03-07 14:44:11.630  INFO 62953 --- [restartedMain] com.zaxxer.hikari.HikariDataSource       : HikariPool-1 - Start completed.
2020-03-07 14:44:11.645  INFO 62953 --- [restartedMain] o.s.b.a.h2.H2ConsoleAutoConfiguration    : H2 console available at '/h2-console'. Database available at 'jdbc:h2:~/community'
2020-03-07 14:44:13.148  INFO 62953 --- [restartedMain] o.s.s.concurrent.ThreadPoolTaskExecutor  : Initializing ExecutorService 'applicationTaskExecutor'
2020-03-07 14:44:13.312  INFO 62953 --- [restartedMain] o.s.b.a.w.s.WelcomePageHandlerMapping    : Adding welcome page template: index
2020-03-07 14:44:13.734  INFO 62953 --- [restartedMain] o.s.b.d.a.OptionalLiveReloadServer       : LiveReload server is running on port 35729
2020-03-07 14:44:13.812  INFO 62953 --- [restartedMain] o.s.b.w.embedded.tomcat.TomcatWebServer  : Tomcat started on port(s): 8887 (http) with context path ''
2020-03-07 14:44:13.827  INFO 62953 --- [restartedMain] vip.gg.community.demo.DemoApplication    : Started DemoApplication in 8.256 seconds (JVM running for 10.042)
2020-03-07 14:45:38.083  INFO 62953 --- [Thread-6] o.s.s.concurrent.ThreadPoolTaskExecutor  : Shutting down ExecutorService 'applicationTaskExecutor'
2020-03-07 14:45:38.090  INFO 62953 --- [Thread-6] com.zaxxer.hikari.HikariDataSource       : HikariPool-1 - Shutdown initiated...
2020-03-07 14:45:38.262  INFO 62953 --- [Thread-6] com.zaxxer.hikari.HikariDataSource       : HikariPool-1 - Shutdown completed.
